<?xml version="1.0" encoding="UTF-8"?>
<!-- Generated by org.testng.reporters.JUnitReportReporter -->
<testsuite skipped="0" hostname="Manwi-PC" name="com.InternetBanking.testCases.LoginAlertValidation" tests="1" failures="0" timestamp="22 Dec 2018 21:07:33 GMT" time="30.185" errors="0">
  <testcase name="AlertCheck" time="30.185" classname="com.InternetBanking.testCases.LoginAlertValidation"/>
</testsuite> <!-- com.InternetBanking.testCases.LoginAlertValidation -->
