<?xml version="1.0" encoding="UTF-8"?>
<!-- Generated by org.testng.reporters.JUnitReportReporter -->
<testsuite skipped="0" hostname="Manwi-PC" name="com.InternetBanking.testCases.TC_AddCustomer_02" tests="1" failures="0" timestamp="21 Dec 2018 01:55:30 GMT" time="11.427" errors="0">
  <testcase name="AddCust" time="11.427" classname="com.InternetBanking.testCases.TC_AddCustomer_02"/>
</testsuite> <!-- com.InternetBanking.testCases.TC_AddCustomer_02 -->
